ERC report (2025-11-23T22:14:53-0500, Encoding UTF8)

***** Sheet /

***** Sheet /ESP Breakout Cirucitry/
[pin_not_connected]: Pin not connected
    ; error
    @(5150.00 mils, 3350.00 mils): Symbol U1 Pin 23 [IO21, Bidirectional, Line]
[pin_not_connected]: Pin not connected
    ; error
    @(5150.00 mils, 3650.00 mils): Symbol U1 Pin 30 [IO37, Bidirectional, Line]
[lib_symbol_issues]: Symbol 'USB_C_Receptacle_USB2.0' not found in symbol library 'Connector'
    ; warning
    @(6950.00 mils, 3050.00 mils): Symbol JUSB1 [USB_C_Receptacle_USB2.0]
[lib_symbol_issues]: The current configuration does not include the library 'SN65HVD230DR'
    ; warning
    @(6800.00 mils, 5450.00 mils): Symbol U2 [SN65HVD230DR]
[power_pin_not_driven]: Input Power pin not driven by any Output Power pins
    ; error
    @(6100.00 mils, 5200.00 mils): Symbol #PWR014 Pin 1 [Power input, Line]
[power_pin_not_driven]: Input Power pin not driven by any Output Power pins
    ; error
    @(9550.00 mils, 2850.00 mils): Symbol #PWR021 Pin 1 [Power input, Line]
[pin_not_connected]: Pin not connected
    ; error
    @(5150.00 mils, 3850.00 mils): Symbol U1 Pin 32 [IO39, Bidirectional, Line]
[pin_not_connected]: Pin not connected
    ; error
    @(5150.00 mils, 4150.00 mils): Symbol U1 Pin 35 [IO42, Bidirectional, Line]
[pin_not_connected]: Pin not connected
    ; error
    @(5150.00 mils, 3950.00 mils): Symbol U1 Pin 33 [IO40, Bidirectional, Line]
[pin_not_connected]: Pin not connected
    ; error
    @(5150.00 mils, 4050.00 mils): Symbol U1 Pin 34 [IO41, Bidirectional, Line]
[pin_not_connected]: Pin not connected
    ; error
    @(5150.00 mils, 4250.00 mils): Symbol U1 Pin 26 [IO45, Bidirectional, Line]
[pin_not_connected]: Pin not connected
    ; error
    @(5150.00 mils, 4550.00 mils): Symbol U1 Pin 25 [IO48, Bidirectional, Line]
[pin_not_connected]: Pin not connected
    ; error
    @(5150.00 mils, 4350.00 mils): Symbol U1 Pin 16 [IO46, Bidirectional, Line]
[pin_not_connected]: Pin not connected
    ; error
    @(5150.00 mils, 4450.00 mils): Symbol U1 Pin 24 [IO47, Bidirectional, Line]
[pin_not_connected]: Pin not connected
    ; error
    @(3950.00 mils, 2650.00 mils): Symbol U1 Pin 36 [RXD0, Bidirectional, Line]
[pin_not_connected]: Pin not connected
    ; error
    @(3950.00 mils, 2750.00 mils): Symbol U1 Pin 37 [TXD0, Bidirectional, Line]
[pin_not_connected]: Pin not connected
    ; error
    @(5150.00 mils, 3550.00 mils): Symbol U1 Pin 29 [IO36, Bidirectional, Line]
[pin_not_connected]: Pin not connected
    ; error
    @(5150.00 mils, 3450.00 mils): Symbol U1 Pin 28 [IO35, Bidirectional, Line]
[pin_not_connected]: Pin not connected
    ; error
    @(5150.00 mils, 3750.00 mils): Symbol U1 Pin 31 [IO38, Bidirectional, Line]
[pin_not_connected]: Pin not connected
    ; error
    @(3950.00 mils, 4350.00 mils): Symbol U1 Pin 22 [IO14, Bidirectional, Line]
[pin_not_connected]: Pin not connected
    ; error
    @(3950.00 mils, 4450.00 mils): Symbol U1 Pin 8 [IO15, Bidirectional, Line]
[pin_not_connected]: Pin not connected
    ; error
    @(3950.00 mils, 4550.00 mils): Symbol U1 Pin 9 [IO16, Bidirectional, Line]
[pin_not_connected]: Pin not connected
    ; error
    @(3950.00 mils, 4150.00 mils): Symbol U1 Pin 20 [IO12, Bidirectional, Line]
[pin_not_connected]: Pin not connected
    ; error
    @(3950.00 mils, 4250.00 mils): Symbol U1 Pin 21 [IO13, Bidirectional, Line]
[lib_symbol_issues]: The current configuration does not include the library 'ESP32-S3-WROOM-1-N16R2'
    ; warning
    @(4550.00 mils, 3550.00 mils): Symbol U1 [ESP32-S3-WROOM-1-N16R2]
[pin_not_connected]: Pin not connected
    ; error
    @(3950.00 mils, 3250.00 mils): Symbol U1 Pin 15 [IO3, Bidirectional, Line]
[pin_not_connected]: Pin not connected
    ; error
    @(3950.00 mils, 3150.00 mils): Symbol U1 Pin 38 [IO2, Bidirectional, Line]
[pin_not_connected]: Pin not connected
    ; error
    @(3950.00 mils, 3050.00 mils): Symbol U1 Pin 39 [IO1, Bidirectional, Line]
[pin_not_connected]: Pin not connected
    ; error
    @(5150.00 mils, 3150.00 mils): Symbol U1 Pin 13 [IO19, Bidirectional, Line]
[pin_not_connected]: Pin not connected
    ; error
    @(5150.00 mils, 3250.00 mils): Symbol U1 Pin 14 [IO20, Bidirectional, Line]

***** Sheet /Power Circuitry/
[power_pin_not_driven]: Input Power pin not driven by any Output Power pins
    ; error
    @(6700.00 mils, 4650.00 mils): Symbol U6 Pin 6 [IN, Power input, Line]
[lib_symbol_issues]: The current configuration does not include the library 'LM66100DCKR'
    ; warning
    @(6400.00 mils, 3600.00 mils): Symbol U5 [LM66100DCKR]
[pin_to_pin]: Pins of type Output and Output are connected
    ; error
    @(7000.00 mils, 3350.00 mils): Symbol U5 Pin 6 [VOUT, Output, Line]
    @(7000.00 mils, 2300.00 mils): Symbol U4 Pin 6 [VOUT, Output, Line]
[pin_to_pin]: Pins of type Output and Output are connected
    ; error
    @(7000.00 mils, 3550.00 mils): Symbol U5 Pin 5 [ST, Output, Line]
    @(7000.00 mils, 2500.00 mils): Symbol U4 Pin 5 [ST, Output, Line]
[lib_symbol_issues]: The current configuration does not include the library 'LM66100DCKR'
    ; warning
    @(6400.00 mils, 2550.00 mils): Symbol U4 [LM66100DCKR]
[lib_symbol_issues]: The current configuration does not include the library 'EdgeConnector'
    ; warning
    @(3000.00 mils, 3050.00 mils): Symbol J1 [Stack Male Edge Connector]
[multiple_net_names]: Both +5V and 5.0V_A are attached to the same items; +5V will be used in the netlist
    ; warning
    @(2600.00 mils, 5250.00 mils): Symbol #PWR024 Pin 1 [Power input, Line]
    @(3550.00 mils, 2450.00 mils): Symbol J1 Hidden pin A5 [5.0V_A, Power input, Line]
[power_pin_not_driven]: Input Power pin not driven by any Output Power pins
    ; error
    @(4400.00 mils, 4650.00 mils): Symbol #PWR034 Pin 1 [Power input, Line]

***** Sheet /Sensor Circuitry/
[lib_symbol_issues]: Symbol 'Conn_01x03' has been modified in library 'Connector_Generic'
    ; warning
    @(1550.00 mils, 2350.00 mils): Symbol J2 [Conn_01x03]
[pin_not_connected]: Pin not connected
    ; error
    @(5200.00 mils, 2550.00 mils): Symbol U7 Pin 3 [AIN3N, Input, Line]
[pin_not_connected]: Pin not connected
    ; error
    @(5200.00 mils, 2650.00 mils): Symbol U7 Pin 4 [AIN3P, Input, Line]
[pin_not_driven]: Input pin not driven by any Output pins
    ; error
    @(5200.00 mils, 2550.00 mils): Symbol U7 Pin 3 [AIN3N, Input, Line]
[pin_not_driven]: Input pin not driven by any Output pins
    ; error
    @(5200.00 mils, 2650.00 mils): Symbol U7 Pin 4 [AIN3P, Input, Line]
[pin_to_pin]: Pins of type Unspecified and Passive are connected
    ; warning
    @(7200.00 mils, 1850.00 mils): Symbol U7 Pin 24 [LDOCAP, Unspecified, Line]
    @(7200.00 mils, 1850.00 mils): Symbol C17 Pin 1 [Passive, Line]
[lib_symbol_issues]: The current configuration does not include the library '2025-11-19_23-20-52'
    ; warning
    @(6200.00 mils, 3150.00 mils): Symbol U7 [ADS131M08IPBS]

***** Sheet /Solenoid Driver Circuitry/
[lib_symbol_issues]: The current configuration does not include the library 'IRLZ44N'
    ; warning
    @(4850.00 mils, 3650.00 mils): Symbol Q? [IRLZ44N]
[global_label_dangling]: Global label not connected anywhere else in the schematic
    ; warning
    @(4000.00 mils, 3750.00 mils): Global Label 'GPIO_12'
[lib_symbol_issues]: The current configuration does not include the library 'VO1400AEFTR'
    ; warning
    @(4650.00 mils, 2200.00 mils): Symbol U? [VO1400AEFTR]

 ** ERC messages: 48  Errors 35  Warnings 13
